<?xml version="1.0" encoding="UTF-8"?>
<coverage generated="1550279630577" clover="3.2.0">
  <project timestamp="1550279630577" name="All files">
    <metrics statements="112" coveredstatements="93" conditionals="36" coveredconditionals="17" methods="46" coveredmethods="36" elements="194" coveredelements="146" complexity="0" loc="112" ncloc="112" packages="1" files="9" classes="9"/>
    <file name="Overview.jsx" path="/Users/machd/Desktop/Add-Items-to-Cart/client/src/Components/Overview.jsx">
      <metrics statements="12" coveredstatements="12" conditionals="4" coveredconditionals="3" methods="4" coveredmethods="4"/>
      <line num="6" count="2" type="stmt"/>
      <line num="7" count="2" type="stmt"/>
      <line num="11" count="2" type="stmt"/>
      <line num="15" count="2" type="stmt"/>
      <line num="19" count="2" type="stmt"/>
      <line num="20" count="2" type="stmt"/>
      <line num="21" count="2" type="stmt"/>
      <line num="22" count="2" type="cond" truecount="1" falsecount="1"/>
      <line num="23" count="2" type="stmt"/>
      <line num="24" count="2" type="stmt"/>
      <line num="26" count="2" type="stmt"/>
      <line num="33" count="4" type="stmt"/>
    </file>
    <file name="OverviewList.jsx" path="/Users/machd/Desktop/Add-Items-to-Cart/client/src/Components/OverviewList.jsx">
      <metrics statements="3" coveredstatements="3" conditionals="0" coveredconditionals="0" methods="2" coveredmethods="2"/>
      <line num="4" count="1" type="stmt"/>
      <line num="5" count="1" type="stmt"/>
      <line num="6" count="1" type="stmt"/>
    </file>
    <file name="OverviewListEntry.jsx" path="/Users/machd/Desktop/Add-Items-to-Cart/client/src/Components/OverviewListEntry.jsx">
      <metrics statements="2" coveredstatements="2" conditionals="0" coveredconditionals="0" methods="1" coveredmethods="1"/>
      <line num="3" count="1" type="stmt"/>
      <line num="4" count="1" type="stmt"/>
    </file>
    <file name="ReturnPolicy.jsx" path="/Users/machd/Desktop/Add-Items-to-Cart/client/src/Components/ReturnPolicy.jsx">
      <metrics statements="21" coveredstatements="19" conditionals="2" coveredconditionals="1" methods="6" coveredmethods="6"/>
      <line num="6" count="1" type="stmt"/>
      <line num="19" count="3" type="stmt"/>
      <line num="21" count="3" type="stmt"/>
      <line num="28" count="3" type="stmt"/>
      <line num="29" count="3" type="stmt"/>
      <line num="30" count="3" type="stmt"/>
      <line num="34" count="3" type="stmt"/>
      <line num="39" count="3" type="stmt"/>
      <line num="41" count="3" type="stmt"/>
      <line num="42" count="3" type="stmt"/>
      <line num="43" count="3" type="cond" truecount="1" falsecount="1"/>
      <line num="44" count="3" type="stmt"/>
      <line num="45" count="3" type="stmt"/>
      <line num="46" count="3" type="stmt"/>
      <line num="47" count="3" type="stmt"/>
      <line num="49" count="0" type="stmt"/>
      <line num="50" count="0" type="stmt"/>
      <line num="52" count="3" type="stmt"/>
      <line num="61" count="2" type="stmt"/>
      <line num="67" count="1" type="stmt"/>
      <line num="74" count="9" type="stmt"/>
    </file>
    <file name="SelectionList.jsx" path="/Users/machd/Desktop/Add-Items-to-Cart/client/src/Components/SelectionList.jsx">
      <metrics statements="11" coveredstatements="11" conditionals="4" coveredconditionals="3" methods="4" coveredmethods="4"/>
      <line num="7" count="2" type="stmt"/>
      <line num="8" count="2" type="stmt"/>
      <line num="12" count="2" type="stmt"/>
      <line num="16" count="2" type="stmt"/>
      <line num="20" count="2" type="stmt"/>
      <line num="21" count="2" type="stmt"/>
      <line num="22" count="2" type="cond" truecount="1" falsecount="1"/>
      <line num="23" count="2" type="stmt"/>
      <line num="24" count="2" type="stmt"/>
      <line num="26" count="2" type="stmt"/>
      <line num="33" count="4" type="stmt"/>
    </file>
    <file name="SelectionListEntries.jsx" path="/Users/machd/Desktop/Add-Items-to-Cart/client/src/Components/SelectionListEntries.jsx">
      <metrics statements="8" coveredstatements="8" conditionals="2" coveredconditionals="1" methods="5" coveredmethods="5"/>
      <line num="5" count="2" type="stmt"/>
      <line num="6" count="2" type="stmt"/>
      <line num="9" count="2" type="stmt"/>
      <line num="13" count="2" type="stmt"/>
      <line num="17" count="2" type="cond" truecount="1" falsecount="1"/>
      <line num="18" count="2" type="stmt"/>
      <line num="26" count="4" type="stmt"/>
      <line num="31" count="40" type="stmt"/>
    </file>
    <file name="ShippingInformation.jsx" path="/Users/machd/Desktop/Add-Items-to-Cart/client/src/Components/ShippingInformation.jsx">
      <metrics statements="22" coveredstatements="14" conditionals="8" coveredconditionals="2" methods="9" coveredmethods="4"/>
      <line num="6" count="2" type="stmt"/>
      <line num="7" count="2" type="stmt"/>
      <line num="18" count="2" type="stmt"/>
      <line num="19" count="2" type="stmt"/>
      <line num="20" count="2" type="stmt"/>
      <line num="21" count="2" type="stmt"/>
      <line num="22" count="2" type="stmt"/>
      <line num="27" count="2" type="stmt"/>
      <line num="32" count="2" type="stmt"/>
      <line num="33" count="2" type="stmt"/>
      <line num="34" count="2" type="stmt"/>
      <line num="35" count="2" type="stmt"/>
      <line num="36" count="2" type="stmt"/>
      <line num="45" count="0" type="stmt"/>
      <line num="46" count="0" type="stmt"/>
      <line num="52" count="0" type="stmt"/>
      <line num="56" count="0" type="stmt"/>
      <line num="57" count="0" type="cond" truecount="0" falsecount="4"/>
      <line num="58" count="0" type="stmt"/>
      <line num="68" count="0" type="stmt"/>
      <line num="74" count="4" type="stmt"/>
      <line num="158" count="0" type="stmt"/>
    </file>
    <file name="itemDescription.jsx" path="/Users/machd/Desktop/Add-Items-to-Cart/client/src/Components/itemDescription.jsx">
      <metrics statements="30" coveredstatements="21" conditionals="16" coveredconditionals="7" methods="13" coveredmethods="8"/>
      <line num="12" count="1" type="stmt"/>
      <line num="26" count="6" type="stmt"/>
      <line num="27" count="6" type="stmt"/>
      <line num="40" count="6" type="stmt"/>
      <line num="41" count="6" type="stmt"/>
      <line num="42" count="6" type="stmt"/>
      <line num="43" count="6" type="stmt"/>
      <line num="47" count="6" type="stmt"/>
      <line num="48" count="6" type="stmt"/>
      <line num="53" count="6" type="stmt"/>
      <line num="54" count="6" type="stmt"/>
      <line num="55" count="6" type="stmt"/>
      <line num="57" count="0" type="stmt"/>
      <line num="58" count="0" type="stmt"/>
      <line num="67" count="0" type="stmt"/>
      <line num="68" count="0" type="cond" truecount="0" falsecount="2"/>
      <line num="69" count="0" type="stmt"/>
      <line num="71" count="0" type="stmt"/>
      <line num="76" count="6" type="stmt"/>
      <line num="81" count="1" type="stmt"/>
      <line num="82" count="1" type="stmt"/>
      <line num="86" count="6" type="stmt"/>
      <line num="87" count="6" type="stmt"/>
      <line num="88" count="6" type="stmt"/>
      <line num="89" count="64" type="stmt"/>
      <line num="91" count="6" type="stmt"/>
      <line num="97" count="0" type="stmt"/>
      <line num="101" count="0" type="stmt"/>
      <line num="105" count="12" type="stmt"/>
      <line num="181" count="0" type="stmt"/>
    </file>
    <file name="selectionListPossibilities.jsx" path="/Users/machd/Desktop/Add-Items-to-Cart/client/src/Components/selectionListPossibilities.jsx">
      <metrics statements="3" coveredstatements="3" conditionals="0" coveredconditionals="0" methods="2" coveredmethods="2"/>
      <line num="4" count="1" type="stmt"/>
      <line num="5" count="1" type="stmt"/>
      <line num="7" count="2" type="stmt"/>
    </file>
  </project>
</coverage>
