TN:
SF:/Users/machd/Desktop/Add-Items-to-Cart/client/src/Components/Overview.jsx
FN:5,(anonymous_0)
FN:14,(anonymous_1)
FN:18,(anonymous_2)
FN:32,(anonymous_3)
FNF:4
FNH:4
FNDA:2,(anonymous_0)
FNDA:2,(anonymous_1)
FNDA:2,(anonymous_2)
FNDA:4,(anonymous_3)
DA:6,2
DA:7,2
DA:11,2
DA:15,2
DA:19,2
DA:20,2
DA:21,2
DA:22,2
DA:23,2
DA:24,2
DA:26,2
DA:33,4
LF:12
LH:12
BRDA:22,0,0,2
BRDA:22,0,1,0
BRDA:36,1,0,2
BRDA:36,1,1,2
BRF:4
BRH:3
end_of_record
TN:
SF:/Users/machd/Desktop/Add-Items-to-Cart/client/src/Components/OverviewList.jsx
FN:4,(anonymous_0)
FN:6,(anonymous_1)
FNF:2
FNH:2
FNDA:1,(anonymous_0)
FNDA:1,(anonymous_1)
DA:4,1
DA:5,1
DA:6,1
LF:3
LH:3
BRF:0
BRH:0
end_of_record
TN:
SF:/Users/machd/Desktop/Add-Items-to-Cart/client/src/Components/OverviewListEntry.jsx
FN:3,(anonymous_0)
FNF:1
FNH:1
FNDA:1,(anonymous_0)
DA:3,1
DA:4,1
LF:2
LH:2
BRF:0
BRH:0
end_of_record
TN:
SF:/Users/machd/Desktop/Add-Items-to-Cart/client/src/Components/ReturnPolicy.jsx
FN:18,(anonymous_0)
FN:33,(anonymous_1)
FN:37,(anonymous_2)
FN:60,(anonymous_3)
FN:66,(anonymous_4)
FN:73,(anonymous_5)
FNF:6
FNH:6
FNDA:3,(anonymous_0)
FNDA:3,(anonymous_1)
FNDA:3,(anonymous_2)
FNDA:2,(anonymous_3)
FNDA:1,(anonymous_4)
FNDA:9,(anonymous_5)
DA:6,1
DA:19,3
DA:21,3
DA:28,3
DA:29,3
DA:30,3
DA:34,3
DA:39,3
DA:41,3
DA:42,3
DA:43,3
DA:44,3
DA:45,3
DA:46,3
DA:47,3
DA:49,0
DA:50,0
DA:52,3
DA:61,2
DA:67,1
DA:74,9
LF:21
LH:19
BRDA:43,0,0,3
BRDA:43,0,1,0
BRF:2
BRH:1
end_of_record
TN:
SF:/Users/machd/Desktop/Add-Items-to-Cart/client/src/Components/SelectionList.jsx
FN:6,(anonymous_0)
FN:15,(anonymous_1)
FN:19,(anonymous_2)
FN:32,(anonymous_3)
FNF:4
FNH:4
FNDA:2,(anonymous_0)
FNDA:2,(anonymous_1)
FNDA:2,(anonymous_2)
FNDA:4,(anonymous_3)
DA:7,2
DA:8,2
DA:12,2
DA:16,2
DA:20,2
DA:21,2
DA:22,2
DA:23,2
DA:24,2
DA:26,2
DA:33,4
LF:11
LH:11
BRDA:22,0,0,2
BRDA:22,0,1,0
BRDA:35,1,0,2
BRDA:35,1,1,2
BRF:4
BRH:3
end_of_record
TN:
SF:/Users/machd/Desktop/Add-Items-to-Cart/client/src/Components/SelectionListEntries.jsx
FN:4,(anonymous_0)
FN:12,(anonymous_1)
FN:16,(anonymous_2)
FN:25,(anonymous_3)
FN:31,(anonymous_4)
FNF:5
FNH:5
FNDA:2,(anonymous_0)
FNDA:2,(anonymous_1)
FNDA:2,(anonymous_2)
FNDA:4,(anonymous_3)
FNDA:40,(anonymous_4)
DA:5,2
DA:6,2
DA:9,2
DA:13,2
DA:17,2
DA:18,2
DA:26,4
DA:31,40
LF:8
LH:8
BRDA:17,0,0,2
BRDA:17,0,1,0
BRF:2
BRH:1
end_of_record
TN:
SF:/Users/machd/Desktop/Add-Items-to-Cart/client/src/Components/ShippingInformation.jsx
FN:5,(anonymous_0)
FN:26,(anonymous_1)
FN:30,(anonymous_2)
FN:44,(anonymous_3)
FN:51,(anonymous_4)
FN:55,(anonymous_5)
FN:67,(anonymous_6)
FN:73,(anonymous_7)
FN:158,(anonymous_8)
FNF:9
FNH:4
FNDA:3,(anonymous_0)
FNDA:3,(anonymous_1)
FNDA:3,(anonymous_2)
FNDA:0,(anonymous_3)
FNDA:0,(anonymous_4)
FNDA:0,(anonymous_5)
FNDA:0,(anonymous_6)
FNDA:6,(anonymous_7)
FNDA:0,(anonymous_8)
DA:6,3
DA:7,3
DA:18,3
DA:19,3
DA:20,3
DA:21,3
DA:22,3
DA:27,3
DA:32,3
DA:33,3
DA:34,3
DA:35,3
DA:36,3
DA:45,0
DA:46,0
DA:52,0
DA:56,0
DA:57,0
DA:58,0
DA:68,0
DA:74,6
DA:158,0
LF:22
LH:14
BRDA:57,0,0,0
BRDA:57,0,1,0
BRDA:57,1,0,0
BRDA:57,1,1,0
BRDA:80,2,0,6
BRDA:80,2,1,0
BRDA:145,3,0,0
BRDA:145,3,1,6
BRF:8
BRH:2
end_of_record
TN:
SF:/Users/machd/Desktop/Add-Items-to-Cart/client/src/Components/itemDescription.jsx
FN:25,(anonymous_0)
FN:46,(anonymous_1)
FN:52,(anonymous_2)
FN:55,(anonymous_3)
FN:56,(anonymous_4)
FN:66,(anonymous_5)
FN:75,(anonymous_6)
FN:80,(anonymous_7)
FN:85,(anonymous_8)
FN:96,(anonymous_9)
FN:100,(anonymous_10)
FN:104,(anonymous_11)
FN:181,(anonymous_12)
FNF:13
FNH:8
FNDA:6,(anonymous_0)
FNDA:6,(anonymous_1)
FNDA:6,(anonymous_2)
FNDA:6,(anonymous_3)
FNDA:0,(anonymous_4)
FNDA:0,(anonymous_5)
FNDA:6,(anonymous_6)
FNDA:1,(anonymous_7)
FNDA:6,(anonymous_8)
FNDA:0,(anonymous_9)
FNDA:0,(anonymous_10)
FNDA:12,(anonymous_11)
FNDA:0,(anonymous_12)
DA:12,1
DA:26,6
DA:27,6
DA:40,6
DA:41,6
DA:42,6
DA:43,6
DA:47,6
DA:48,6
DA:53,6
DA:54,6
DA:55,6
DA:57,0
DA:58,0
DA:67,0
DA:68,0
DA:69,0
DA:71,0
DA:76,6
DA:81,1
DA:82,1
DA:86,6
DA:87,6
DA:88,6
DA:89,62
DA:91,6
DA:97,0
DA:101,0
DA:105,12
DA:181,0
LF:30
LH:21
BRDA:68,0,0,0
BRDA:68,0,1,0
BRDA:138,1,0,0
BRDA:138,1,1,12
BRDA:172,2,0,0
BRDA:172,2,1,12
BRDA:176,3,0,0
BRDA:176,3,1,12
BRDA:203,4,0,12
BRDA:203,4,1,0
BRDA:253,5,0,0
BRDA:253,5,1,12
BRDA:257,6,0,0
BRDA:257,6,1,12
BRDA:260,7,0,0
BRDA:260,7,1,12
BRF:16
BRH:7
end_of_record
TN:
SF:/Users/machd/Desktop/Add-Items-to-Cart/client/src/Components/selectionListPossibilities.jsx
FN:4,(anonymous_0)
FN:7,(anonymous_1)
FNF:2
FNH:2
FNDA:1,(anonymous_0)
FNDA:2,(anonymous_1)
DA:4,1
DA:5,1
DA:7,2
LF:3
LH:3
BRF:0
BRH:0
end_of_record
