TN:
SF:/Users/machd/Desktop/Add-Items-to-Cart/client/src/AddToCart.jsx
FN:10,(anonymous_0)
FN:15,(anonymous_1)
FNF:2
FNH:0
FNDA:0,(anonymous_0)
FNDA:0,(anonymous_1)
DA:11,0
DA:16,0
LF:2
LH:0
BRF:0
BRH:0
end_of_record
TN:
SF:/Users/machd/Desktop/Add-Items-to-Cart/client/src/Components/Overview.jsx
FN:5,(anonymous_0)
FN:14,(anonymous_1)
FN:18,(anonymous_2)
FN:32,(anonymous_3)
FNF:4
FNH:0
FNDA:0,(anonymous_0)
FNDA:0,(anonymous_1)
FNDA:0,(anonymous_2)
FNDA:0,(anonymous_3)
DA:6,0
DA:7,0
DA:11,0
DA:15,0
DA:19,0
DA:20,0
DA:21,0
DA:22,0
DA:23,0
DA:24,0
DA:26,0
DA:33,0
LF:12
LH:0
BRDA:22,0,0,0
BRDA:22,0,1,0
BRDA:36,1,0,0
BRDA:36,1,1,0
BRF:4
BRH:0
end_of_record
TN:
SF:/Users/machd/Desktop/Add-Items-to-Cart/client/src/Components/OverviewList.jsx
FN:4,(anonymous_0)
FN:6,(anonymous_1)
FNF:2
FNH:0
FNDA:0,(anonymous_0)
FNDA:0,(anonymous_1)
DA:4,1
DA:5,0
DA:6,0
LF:3
LH:1
BRF:0
BRH:0
end_of_record
TN:
SF:/Users/machd/Desktop/Add-Items-to-Cart/client/src/Components/OverviewListEntry.jsx
FN:3,(anonymous_0)
FNF:1
FNH:0
FNDA:0,(anonymous_0)
DA:3,1
DA:4,0
LF:2
LH:1
BRF:0
BRH:0
end_of_record
TN:
SF:/Users/machd/Desktop/Add-Items-to-Cart/client/src/Components/ReturnPolicy.jsx
FN:18,(anonymous_0)
FN:33,(anonymous_1)
FN:37,(anonymous_2)
FN:60,(anonymous_3)
FN:66,(anonymous_4)
FN:73,(anonymous_5)
FNF:6
FNH:6
FNDA:3,(anonymous_0)
FNDA:3,(anonymous_1)
FNDA:3,(anonymous_2)
FNDA:2,(anonymous_3)
FNDA:1,(anonymous_4)
FNDA:9,(anonymous_5)
DA:6,1
DA:19,3
DA:21,3
DA:28,3
DA:29,3
DA:30,3
DA:34,3
DA:39,3
DA:41,3
DA:42,3
DA:43,3
DA:44,3
DA:45,3
DA:46,3
DA:47,3
DA:49,0
DA:50,0
DA:52,3
DA:61,2
DA:67,1
DA:74,9
LF:21
LH:19
BRDA:43,0,0,3
BRDA:43,0,1,0
BRF:2
BRH:1
end_of_record
TN:
SF:/Users/machd/Desktop/Add-Items-to-Cart/client/src/Components/SelectionList.jsx
FN:6,(anonymous_0)
FN:15,(anonymous_1)
FN:19,(anonymous_2)
FN:32,(anonymous_3)
FNF:4
FNH:0
FNDA:0,(anonymous_0)
FNDA:0,(anonymous_1)
FNDA:0,(anonymous_2)
FNDA:0,(anonymous_3)
DA:7,0
DA:8,0
DA:12,0
DA:16,0
DA:20,0
DA:21,0
DA:22,0
DA:23,0
DA:24,0
DA:26,0
DA:33,0
LF:11
LH:0
BRDA:22,0,0,0
BRDA:22,0,1,0
BRDA:35,1,0,0
BRDA:35,1,1,0
BRF:4
BRH:0
end_of_record
TN:
SF:/Users/machd/Desktop/Add-Items-to-Cart/client/src/Components/SelectionListEntries.jsx
FN:4,(anonymous_0)
FN:12,(anonymous_1)
FN:16,(anonymous_2)
FN:25,(anonymous_3)
FN:31,(anonymous_4)
FNF:5
FNH:0
FNDA:0,(anonymous_0)
FNDA:0,(anonymous_1)
FNDA:0,(anonymous_2)
FNDA:0,(anonymous_3)
FNDA:0,(anonymous_4)
DA:5,0
DA:6,0
DA:9,0
DA:13,0
DA:17,0
DA:18,0
DA:26,0
DA:31,0
LF:8
LH:0
BRDA:17,0,0,0
BRDA:17,0,1,0
BRF:2
BRH:0
end_of_record
TN:
SF:/Users/machd/Desktop/Add-Items-to-Cart/client/src/Components/ShippingInformation.jsx
FN:5,(anonymous_0)
FN:26,(anonymous_1)
FN:30,(anonymous_2)
FN:44,(anonymous_3)
FN:51,(anonymous_4)
FN:55,(anonymous_5)
FN:67,(anonymous_6)
FN:73,(anonymous_7)
FN:158,(anonymous_8)
FNF:9
FNH:0
FNDA:0,(anonymous_0)
FNDA:0,(anonymous_1)
FNDA:0,(anonymous_2)
FNDA:0,(anonymous_3)
FNDA:0,(anonymous_4)
FNDA:0,(anonymous_5)
FNDA:0,(anonymous_6)
FNDA:0,(anonymous_7)
FNDA:0,(anonymous_8)
DA:6,0
DA:7,0
DA:18,0
DA:19,0
DA:20,0
DA:21,0
DA:22,0
DA:27,0
DA:32,0
DA:33,0
DA:34,0
DA:35,0
DA:36,0
DA:45,0
DA:46,0
DA:52,0
DA:56,0
DA:57,0
DA:58,0
DA:68,0
DA:74,0
DA:158,0
LF:22
LH:0
BRDA:57,0,0,0
BRDA:57,0,1,0
BRDA:57,1,0,0
BRDA:57,1,1,0
BRDA:80,2,0,0
BRDA:80,2,1,0
BRDA:145,3,0,0
BRDA:145,3,1,0
BRF:8
BRH:0
end_of_record
TN:
SF:/Users/machd/Desktop/Add-Items-to-Cart/client/src/Components/itemDescription.jsx
FN:25,(anonymous_0)
FN:46,(anonymous_1)
FN:52,(anonymous_2)
FN:55,(anonymous_3)
FN:56,(anonymous_4)
FN:66,(anonymous_5)
FN:75,(anonymous_6)
FN:80,(anonymous_7)
FN:85,(anonymous_8)
FN:96,(anonymous_9)
FN:100,(anonymous_10)
FN:104,(anonymous_11)
FN:181,(anonymous_12)
FNF:13
FNH:8
FNDA:7,(anonymous_0)
FNDA:7,(anonymous_1)
FNDA:7,(anonymous_2)
FNDA:7,(anonymous_3)
FNDA:0,(anonymous_4)
FNDA:0,(anonymous_5)
FNDA:7,(anonymous_6)
FNDA:1,(anonymous_7)
FNDA:7,(anonymous_8)
FNDA:0,(anonymous_9)
FNDA:0,(anonymous_10)
FNDA:14,(anonymous_11)
FNDA:0,(anonymous_12)
DA:12,1
DA:26,7
DA:27,7
DA:40,7
DA:41,7
DA:42,7
DA:43,7
DA:47,7
DA:48,7
DA:53,7
DA:54,7
DA:55,7
DA:57,0
DA:58,0
DA:67,0
DA:68,0
DA:69,0
DA:71,0
DA:76,7
DA:81,1
DA:82,1
DA:86,7
DA:87,7
DA:88,7
DA:89,68
DA:91,7
DA:97,0
DA:101,0
DA:105,14
DA:181,0
LF:30
LH:21
BRDA:68,0,0,0
BRDA:68,0,1,0
BRDA:138,1,0,0
BRDA:138,1,1,14
BRDA:172,2,0,0
BRDA:172,2,1,14
BRDA:176,3,0,0
BRDA:176,3,1,14
BRDA:203,4,0,14
BRDA:203,4,1,0
BRDA:253,5,0,0
BRDA:253,5,1,14
BRDA:257,6,0,0
BRDA:257,6,1,14
BRDA:260,7,0,0
BRDA:260,7,1,14
BRF:16
BRH:7
end_of_record
TN:
SF:/Users/machd/Desktop/Add-Items-to-Cart/client/src/Components/selectionListPossibilities.jsx
FN:4,(anonymous_0)
FN:7,(anonymous_1)
FNF:2
FNH:0
FNDA:0,(anonymous_0)
FNDA:0,(anonymous_1)
DA:4,1
DA:5,0
DA:7,0
LF:3
LH:1
BRF:0
BRH:0
end_of_record
